ninja: no work to do.
[1/1] cd /home/yc/_workspace/ycyang1229/base-wss-lite/amazon-kinesis-video-streams-webrtc-sdk-c-for-freertos/build && /home/yc/.espressif/python_env/idf4.1_py3.6_env/bin/python /home/yc/_workspace/esp/esp-idf/tools/idf_size.py --archives /home/yc/_workspace/ycyang1229/base-wss-lite/amazon-kinesis-video-streams-webrtc-sdk-c-for-freertos/build/webrtc_example.map
Total sizes:
 DRAM .data size:   17536 bytes
 DRAM .bss  size:    6448 bytes
Used static DRAM:   23984 bytes ( 156752 available, 13.3% used)
Used static IRAM:  118514 bytes (  12558 available, 90.4% used)
      Flash code:  978647 bytes
    Flash rodata:  250856 bytes
Total image size:~1365553 bytes (.bin may be padded larger)
Per-archive contributions to ELF file:
            Archive File DRAM .data & .bss   IRAM Flash code & rodata   Total
               liblwip.a         25      0      0     116630    21391  138046
           libnet80211.a        976      0  11411      97545    23545  133477
         libwebsockets.a        168    269    352      86430    35470  122689
         libmbedcrypto.a         64     81     30      89506    22733  112414
    libkvsWebrtcClient.a        236      4      0      90704    11048  101992
                  libc.a       1678     58  15906      76002     6126   99770
            libmbedtls.a         60    204      0      60946    23957   85167
                 libpp.a       1317      0  22940      36128     4280   64665
     libwpa_supplicant.a          8    808      0      46396     7718   54930
              libesp32.a       2134    163  15409      15966    20797   54469
              libsrtp2.a         92   1076      0      33380    12796   47344
                libphy.a       1604    930   6487      30362        0   39383
libkvsWebrtcSignalingCli        388     16      0      29033     3461   32898
             libdriver.a        139    233   1251      21134     9885   32642
           libfreertos.a       4148    776  17089          0     2275   24288
              libfatfs.a          4    203      0      21159     2212   23578
          libnvs_flash.a          0     24      0      14693     3067   17784
                libsoc.a        184      4  10310       2980     4123   17601
               libmain.a          0     84      0      10483     7007   17574
        libkvspicUtils.a        603     16      0      14674     1750   17043
           libmbedx509.a          0      0      0      12904     1542   14446
              libsdmmc.a          0      0      0       8378     4053   12431
          libspi_flash.a        786    294   6496       1456     1311   10343
       libkvsCommonLws.a          0      0      0       9548      634   10182
                libvfs.a        308     48      0       8152     1062    9570
         libesp_common.a         16    294   1127       2046     6057    9540
           libesp_wifi.a        412     72    645       5217     2611    8957
          libesp_netif.a         12     25      0       5338     2038    7413
                libgcc.a          8     13    104       5811      872    6808
               libheap.a        317      4   3894       1482      832    6529
          libesp_event.a          0      4      0       3093     1167    4264
             libstdc++.a          8     20      0       2749     1082    3859
            libpthread.a         16     16    277       2858      600    3767
            libcoexist.a       1308     28      0       2276        0    3612
             libnewlib.a        152    272    875       1587       91    2977
              libefuse.a         36      4      0       1158      743    1941
                liblog.a          8    272    282        880      172    1614
        libesp_ringbuf.a          0      0    900          0      155    1055
         libapp_update.a          1     12    208        198      481     900
               libcore.a          0     29      0        607      228     864
        libkvspicState.a          0      0      0        726       64     790
 libbootloader_support.a          0      0      0        626        0     626
                librtc.a          0      0    480          0        0     480
                libhal.a          0      0    443          0       32     475
      libtcpip_adapter.a          0     17      0        216        0     233
             libxtensa.a          0      0    217          0        0     217
                   (exe)          0      0      3          3       12      18
                libcxx.a          0      0      0         11        0      11
              libnosys.a          0      4      0          0        0       4
            libesp_eth.a          0      0      0          0        0       0
               libmesh.a          0      0      0          0        0       0
Adding "size-components"'s dependency "app" to list of commands with default set of options.
Executing action: app
Running ninja in directory /home/yc/_workspace/ycyang1229/base-wss-lite/amazon-kinesis-video-streams-webrtc-sdk-c-for-freertos/build
Executing "ninja app"...
Executing action: size-components
Running ninja in directory /home/yc/_workspace/ycyang1229/base-wss-lite/amazon-kinesis-video-streams-webrtc-sdk-c-for-freertos/build
Executing "ninja size-components"...

App build complete. To flash, run this command:
/home/yc/.espressif/python_env/idf4.1_py3.6_env/bin/python ../../../esp/esp-idf/components/esptool_py/esptool/esptool.py -p (PORT) -b 460800 --before default_reset --after hard_reset --chip esp32  write_flash 0x10000 build/webrtc_example.bin
or run 'idf.py -p (PORT) app-flash'
