ninja: no work to do.
[1/1] cd /home/yc/_workspace/ycyang1229/amazon-kinesis-video-streams-webrtc-sdk-c-for-freertos/build && /home/yc/.espressif/python_env/idf4.1_py3.6_env/bin/python /home/yc/_workspace/esp/esp-idf/tools/idf_size.py --files /home/yc/_workspace/ycyang1229/amazon-kinesis-video-streams-webrtc-sdk-c-for-freertos/build/webrtc_example.map
Total sizes:
 DRAM .data size:   17440 bytes
 DRAM .bss  size:    6168 bytes
Used static DRAM:   23608 bytes ( 157128 available, 13.1% used)
Used static IRAM:  117850 bytes (  13222 available, 89.9% used)
      Flash code:  913235 bytes
    Flash rodata:  220264 bytes
Total image size:~1268789 bytes (.bin may be padded larger)
Per-file contributions to ELF file:
             Object File DRAM .data & .bss   IRAM Flash code & rodata   Total
             ssl_tls.c.o         60      0      0      30758     9309   40127
        spiram_psram.c.o          8     48   7393       9538    17222   34209
            IceAgent.c.o          0      0      0      19021     2718   21739
              llhttp.c.o          0      0      0      16939     4462   21401
             ssl_srv.c.o          0      0      0      14384     5705   20089
                 aes.c.o          0      0      0      10001     8704   18705
             ssl_cli.c.o          0      0      0      13364     4167   17531
                wl_cnx.o          2      0    225      13525     3369   17121
           phy_chip_v7.o        921    829   1025      14259        0   17034
       ieee80211_ioctl.o        620      0      0      13857     2483   16960
        lib_a-vfprintf.o          0      0      0      15092      752   15844
                    pp.o        180      0   9631       5340      536   15687
      ieee80211_output.o          3      0   3227      11550      886   15666
               error.c.o          0      0      0       4870    10662   15532
                  ff.c.o          0    170      0      15090      250   15510
       lib_a-svfprintf.o          0      0      0      14662      752   15414
         ieee80211_sta.o          1      0   6302       5787     2154   14244
                  wdev.o         51      0   6074       7017      508   13650
                srtp.c.o         12      0      0      12021     1502   13535
      TurnConnection.c.o          0      0      0      10990     2435   13425
                 nd6.c.o          8      0      0      12913      317   13238
       phy_chip_v7_cal.o        477     53   3420       8723        0   12673
             sockets.c.o          0      0      0      10922     1096   12018
      lib_a-svfiprintf.o          0      0      0      10575     1206   11781
       lib_a-vfiprintf.o          0      0      0      10920      734   11654
          ieee80211_ht.o          0      0   1583       8874      870   11327
              tcp_in.c.o          0      0      0       9517     1310   10827
                   trc.o        636      0   3770       5107     1203   10716
                  lmac.o          2      0   1776       8223      619   10620
          ecp_curves.c.o         28      0      0       7777     2325   10130
        ieee80211_scan.o         14      0      0       8003     1941    9958
              Common.c.o          0      4      0       7469     2446    9919
             tcp_out.c.o          0      0      0       7256     2543    9799
                 tcp.c.o          6      0      0       7635     2030    9671
       phy_chip_v7_ana.o        206     48   2042       7348        0    9644
               tasks.c.o         12    700   7963          0      899    9574
       lib_a-svfiscanf.o          0      0      0       9416       34    9450
                 ecp.c.o          0     64      0       9070      286    9420
                 wpa.c.o          0    652      0       7573     1084    9309
      ieee80211_hostap.o          1      0      0       8493      585    9079
  SessionDescription.c.o          0      0      0       7680     1090    8770
            x509_crt.c.o          0      0      0       7814      826    8640
            wpa_auth.c.o          0     68      0       7791      641    8500
      PeerConnection.c.o          0      4      0       7802      628    8434
             api_msg.c.o          0      0      0       6756     1639    8395
                    pm.o          0      0    610       6510      594    7714
              bignum.c.o          0      0      0       7025      672    7697
                dhcp.c.o          0      0      0       6169     1424    7593
           Signaling.c.o          0      0      0       7268      238    7506
                 sae.c.o          0      0      0       6315     1111    7426
       ieee80211_input.o          0      0      0       6519      870    7389
                 rsa.c.o          0      0      0       7325        0    7325
                Stun.c.o          0      0      0       7077       80    7157
          nvs_page.cpp.o          0      0      0       5431     1458    6889
                gpio.c.o         32      0      0       4006     2590    6628
          esp_sha512.c.o          0      0      0       5527      768    6295
         AwsV4Signer.c.o          0      0      0       5629      546    6175
       ieee80211_debug.o          0      0      0        206     5929    6135
                 dns.c.o          0      0      0       5668      278    5946
                 udp.c.o          2      0      0       4876      883    5761
          spi_master.c.o          0     12    850       2426     2428    5716
                 oid.c.o          0      0      0       1048     4535    5583
      esp_netif_lwip.c.o          0     13      0       4225     1231    5469
            esp_sha1.c.o          0      0      0       5386       64    5450
          spi_common.c.o         19     33    140       3151     2100    5443
              WssApi.c.o          0     12      0       4412      849    5273
       nvs_storage.cpp.o          0      0      0       4118     1085    5203
     esp_err_to_name.c.o          0      0      0         53     5101    5154
    ssl_ciphersuites.c.o          0    200      0        294     4571    5065
                 ip6.c.o          0      0      0       4890      140    5030
            vfs_uart.c.o        116      8      0       4067      810    5001
         ieee80211_api.o         20      0     20       3621     1048    4709
         wslay_event.c.o          0      0      0       4159      469    4628
         ieee80211_nvs.o          4      0      0       3622      949    4575
             vfs_fat.c.o          0      8      0       4081      392    4481
                 vfs.c.o        192     40      0       3963      260    4455
        Dtls_mbedtls.c.o          8      0      0       4162      232    4402
            phy_init.c.o         16     38    266       2440     1621    4381
               panic.c.o       2029      5   2268          0        0    4302
               netif.c.o          0      0      0       3113     1015    4128
          sdmmc_host.c.o          8     12      0       3602      441    4063
            ip6_frag.c.o          0      0      0       3367      635    4002
          esp_sha256.c.o          0      0      0       3619      320    3939
             pkparse.c.o          0      0      0       3607      288    3895
            lib_a-dtoa.o          0      0      0       3811       13    3824
        lib_a-strftime.o        435      0   3368          0        0    3803
                pbuf.c.o          0      0      0       2669     1113    3782
              etharp.c.o          0      0      0       3158      622    3780
        unwind-dw2-fde.o          8     12      0       3322      388    3730
        StateMachine.c.o        388      0      0       3260        0    3648
             portasm.S.o       3084      0    480          0        0    3564
IceAgentStateMachine.c.o        228      0      0       2829      488    3545
             HttpApi.c.o          0      0      0       3139      391    3530
          intr_alloc.c.o          8     22    677       2079      729    3515
                 Rtp.c.o          0      0      0       3481       21    3502
        coexist_scheme.o       1160     28      0       2276        0    3464
           esp_event.c.o          0      0      0       2550      900    3450
               queue.c.o          0      0   2869          0      458    3327
kvsWebRTCClientMaster.c.          0      0      0       1506     1819    3325
        aes-internal.c.o          0      0      0        910     2314    3224
          esp_bignum.c.o          0      4      0       3062      112    3178
                 md5.c.o          0      0      0       3173        0    3173
        lib_a-strerror.o          0      0      0        906     2258    3164
        sdmmc_common.c.o          0      0      0       1651     1461    3112
                 raw.c.o          0      0      0       2855      246    3101
                uart.c.o         56     12      0       2467      452    2987
             api_lib.c.o          0      0      0       2140      834    2974
          dhcpserver.c.o          5      0      0       2898       68    2971
                x509.c.o          0      0      0       2854      116    2970
                igmp.c.o          0      0      0       2079      853    2932
          multi_heap.c.o        305      0   2620          0        0    2925
              cipher.c.o          8      0      0       2454      451    2913
kvswebrtc_example_main.c          0     80      0       1512     1310    2902
           sdmmc_cmd.c.o          0      0      0       2282      585    2867
    SocketConnection.c.o          0      0      0       2279      552    2831
          HttpApiRsp.c.o          0      0      0       2546      263    2809
               esf_buf.o        308      0   1056       1063      381    2808
          TimerQueue.c.o          0      0      0       2566      166    2732
                sha1.c.o         24      0      0       2519      173    2716
     unwind-dw2-xtensa.o          0      1      0       2368      324    2693
                 aes.c.o          8      0      0       2623        0    2631
            sdmmc_sd.c.o          0      0      0       1622      967    2589
           lib_a-mprec.o          0      0      0       2284      296    2580
        spi_hal_iram.c.o          0      0   2437          0      122    2559
              wpa_ie.c.o          0      0      0       2079      411    2490
              cipher.c.o          0      0      0       2453       20    2473
  ieee80211_supplicant.o          2      0     24       2300      124    2450
        md5-internal.c.o          0      0      0       2449        0    2449
             rtc_clk.c.o        160      4   2274          0        0    2438
                Rtcp.c.o          0      0      0       1850      563    2413
             pthread.c.o          8     12    243       1682      467    2412
          wpa_common.c.o          0      0      0       2366       42    2408
   sdmmc_transaction.c.o          0     84      0       1785      513    2382
           heap_caps.c.o          4      0   1274        415      610    2303
           cpu_start.c.o          0      1   1096        385      810    2292
  ConnectionListener.c.o          0      0      0       2117      173    2290
                 ip4.c.o          0      0      0       2125      155    2280
                mld6.c.o          0      0      0       2202       54    2256
           sdmmc_mmc.c.o          0      0      0       1558      679    2237
             Network.c.o          0      0      0       1707      521    2228
           FileCache.c.o          0      0      0       1980      160    2140
                 gcm.c.o          0      0      0       1995      128    2123
             if_hwctrl.o          0      0      0       2055       66    2121
         wslay_frame.c.o          0      0      0       2121        0    2121
       esp_flash_api.c.o          0      0   1981         16      121    2118
           WssClient.c.o         28      0      0       1692      385    2105
    RtpH264Payloader.c.o          0      0      0       2015       89    2104
          flash_mmap.c.o          0    264   1407        129      304    2104
             Metrics.c.o          0      0      0       1926      177    2103
         wpa_auth_ie.c.o          0      0      0       1977       67    2044
        eh_personality.o          0      0      0       1659      384    2043
     esp_timer_esp32.c.o          8     25   1305        304      400    2042
            esp_wpa3.c.o          8     88      0       1172      755    2023
        JitterBuffer.c.o          0      0      0       1988       13    2001
              rtc_io.c.o          0      0      0       1184      798    1982
           datatypes.c.o          0   1024      0        933       16    1973
          NetworkApi.c.o          0      0      0       1556      413    1969
             aes_icm.c.o          8     32      0       1299      622    1961
           nvs_api.cpp.o          0     20      0       1913       16    1949
                port.c.o          8     16   1434          0      472    1930
          FileLogger.c.o          0      4      0       1668      243    1915
       ieee80211_timer.o        152      0      0       1143      619    1914
  spi_flash_hal_iram.c.o         24      0   1885          0        0    1909
            task_wdt.c.o         53      4      0       1315      501    1873
              String.c.o         37      0      0       1807        0    1844
         cipher_wrap.c.o          0      0      0        446     1392    1838
               debug.c.o          0      4      0       1618      205    1827
 ieee80211_crypto_ccmp.o         24      0      0       1377      421    1822
spi_flash_chip_generic.c        347      0   1471          0        0    1818
      xtensa_vectors.S.o          8      0   1765          0       36    1809
   nvs_pagemanager.cpp.o          0      0      0       1536      260    1796
            sys_arch.c.o          0      0      0       1180      602    1782
                wl_chm.o          4      0     30       1524      217    1775
             ieee80211.o          0      0      0       1491      218    1709
               ecdsa.c.o          0      0      0       1672       17    1689
              Client.c.o          0      0      0       1175      481    1656
          lib_a-mktime.o         96      0   1554          0        0    1650
   esp_efuse_utility.c.o          0      0      0        935      715    1650
            IceUtils.c.o          0      0      0       1455      185    1640
           RtpPacket.c.o          0      0      0       1616       10    1626
         ChannelInfo.c.o          0      0      0       1437      176    1613
         esp_adapter.c.o        384      5    379        841        0    1609
             spi_hal.c.o          0      0      0       1099      507    1606
      crypto_mbedtls.c.o          0      0      0       1603        0    1603
                sntp.c.o          4      0      0       1323      271    1598
        rsa_internal.c.o          0      0      0       1544       54    1598
                time.c.o          0     32    143       1341        0    1516
         Tls_mbedtls.c.o          0      0      0       1404       62    1466
       x509write_crt.c.o          0      0      0       1465        0    1465
    aes-internal-dec.c.o          0      0      0       1456        0    1456
           esp_timer.c.o          8     96    627        595      126    1452
            cert.pem.S.o          0      0      0          0     1428    1428
                 ccm.c.o          0      0      0       1426        0    1426
                jsmn.c.o          0      0      0       1418        0    1418
              common.c.o          0      0      0       1066      348    1414
         pmksa_cache.c.o          0      0      0       1329       81    1410
       crypto_kernel.c.o          8     16      0       1146      232    1402
         x509_create.c.o          0      0      0        787      600    1387
                 dhm.c.o          0      0      0       1383        0    1383
                 pem.c.o          0      0      0       1260      111    1371
           ffunicode.c.o          0      0      0        390      978    1368
                 log.c.o          8    264     44        880      172    1368
        wifi_default.c.o          0      9      0       1036      317    1362
            rtc_init.c.o          0      0   1362          0        0    1362
         cache_utils.c.o          4     14    835        108      397    1358
         periph_ctrl.c.o          8      0      0       1057      280    1345
              timers.c.o          8     56   1050          0      230    1344
          Endianness.c.o         68      4      0       1262        0    1334
          HttpHelper.c.o         56      0      0       1039      212    1307
      heap_caps_init.c.o          8      4      0       1067      222    1301
      Retransimitter.c.o          0      0      0       1013      283    1296
            sdmmc_io.c.o          0      0      0        897      361    1258
          sdspi_host.c.o          0     72      0        994      191    1257
           Serialize.c.o          0      0      0       1159       94    1253
         ieee80211_phy.o          0      0      0        750      500    1250
    aes-internal-enc.c.o          0      0      0       1242        0    1242
   soc_memory_layout.c.o          0      0      0          0     1235    1235
               icmp6.c.o          0      0      0        933      292    1225
                 sha.c.o         16     13      0        919      268    1216
       ieee80211_power.o          0      0      0       1173       35    1208
         RequestInfo.c.o          0      0      0       1191       11    1202
                icmp.c.o          0      0      0        934      254    1188
           HashTable.c.o          0      0      0       1187        0    1187
           asn1write.c.o          0      0      0       1183        0    1183
              pkcs12.c.o          0      0      0       1174        0    1174
            ctr_drbg.c.o          0      0      0       1172        0    1172
         SrtpSession.c.o          0      0      0        682      486    1168
       rtc_io_periph.c.o          0      0      0          0     1168    1168
           partition.c.o          0      8      0        925      228    1161
       RollingBuffer.c.o          0      0      0       1070       46    1116
           asn1parse.c.o          0      0      0       1116        0    1116
              Base64.c.o        328      0      0        770        0    1098
               tcpip.c.o          0      0      0        773      318    1091
               Crc32.c.o          0      0      0         60     1024    1084
     xtensa_intr_asm.S.o       1024      0     51          0        0    1075
            rtc_time.c.o          0      0    865          0      194    1059
             ringbuf.c.o          0      0    900          0      155    1055
         Deserialize.c.o          0      0      0       1020       31    1051
         lib_a-tzset_r.o         60     26    954          0        0    1040
        esp_wpa_main.c.o          0      0      0        902      136    1038
                  md.c.o          0      0      0       1008       24    1032
             aes-ccm.c.o          0      0      0       1003       22    1025
    SingleLinkedList.c.o          0      0      0       1018        0    1018
       vfs_fat_sdmmc.c.o          0      9      0        763      214     986
               pkcs5.c.o          0      0      0        965       10     975
          lib_a-fseeko.o          0      0      0        974        0     974
              spiram.c.o          0      1    351        469      150     971
                ecdh.c.o          0      0      0        966        0     966
            ip4_frag.c.o          0      0      0        732      227     959
             pk_wrap.c.o          0      0      0        707      246     953
                  pk.c.o          0      0      0        932       11     943
 memory_layout_utils.c.o          0      0      0        637      303     940
               netdb.c.o          0      0      0        770      160     930
            timeouts.c.o          0      0      0        587      332     919
              base64.c.o          0      0      0        725      192     917
                hmac.c.o          8      0      0        585      324     917
                 clk.c.o          0      0     70        624      216     910
                memp.c.o          0      0      0        229      679     908
             md_wrap.c.o          0      0      0        596      292     888
        event_groups.c.o          0      0    742          0      145     887
        dport_access.c.o          8     40    496        205      133     882
              Thread.c.o         24      8      0        639      208     879
                ccmp.c.o          0      0      0        840       39     879
   esp_netif_objects.c.o          4     12      0        612      248     876
              misc_nvs.o          0     29      0        607      228     864
          RtcpPacket.c.o          0      0      0        843        4     847
   ieee80211_regdomain.o         24      0      0        815        0     839
             rtc_wdt.c.o          0      0    838          0        0     838
            mac_addr.c.o          0      6      0        465      361     832
               State.c.o          0      0      0        742       64     806
           lib_a-qsort.o          0      0      0        796        0     796
                 ipc.c.o          0     56    192        418      124     790
    DoubleLinkedList.c.o          0      0      0        776        0     776
           hmac_drbg.c.o          0      0      0        770        0     770
          wifi_netif.c.o          0     16      0        446      306     768
    ets_timer_legacy.c.o          0      0    261        160      345     766
         lib_a-fvwrite.o          0      0    756          0        0     756
      ieee80211_crypto.o          0      0      0        603      150     753
            ip4_addr.c.o          0      0      0        567      171     738
    RtpRollingBuffer.c.o          0      0      0        719       17     736
               Mutex.c.o         48      0      0        637       51     736
       lib_a-lcltime_r.o          0      0    700          0        0     700
pthread_local_storage.c.          8      4      0        544      133     689
nvs_item_hash_list.cpp.o          0      0      0        510      172     682
             entropy.c.o          0      0      0        651        0     651
          lib_a-findfp.o          0      8    637          0        0     645
                auth.c.o          8      0      0        472      164     644
         net_sockets.c.o          0      0      0        638        0     638
          rate_control.o          0      0      0        292      344     636
    pthread_cond_var.c.o          0      0      0        636        0     636
            ethernet.c.o          0      0      0        477      154     631
          event_send.c.o          0      0      0        389      239     628
nvs_partition_manager.cp          0      4      0        592       16     612
               locks.c.o          8      0    507          5       91     611
  esp_flash_spi_init.c.o        120      4      0        226      261     611
        diskio_sdmmc.c.o          0      8      0        334      258     600
              sha256.c.o          0      0      0        599        0     599
                 ekt.c.o          0      0      0        455      130     585
      ieee80211_action.o         56      0      0        504       19     579
           wifi_init.c.o         12      4      0        268      285     569
      flash_qio_mode.c.o          0      0      0        555        0     555
          lib_a-fflush.o          0      0    552          0        0     552
       lib_a-timelocal.o        551      0      0          0        0     551
            uart_hal.c.o          0      0      0        548        0     548
                rdbx.c.o          0      0      0        546        0     546
          lib_a-ungetc.o          0      0    540          0        0     540
         inet_chksum.c.o          0      0      0        539        0     539
            ip6_addr.c.o          0      0      0        509       24     533
 nvs_handle_simple.cpp.o          0      0      0        473       60     533
         lib_a-strtoll.o          0      0      0        530        0     530
              diskio.c.o          4      8      0        397      120     529
       crosscore_int.c.o          8      8    221        138      153     528
        lib_a-setenv_r.o          0      4      0        522        0     526
        lib_a-strtoull.o          0      0      0        526        0     526
        reset_reason.c.o          0      4    119        201      198     522
           aes-omac1.c.o          0      0      0        521        0     521
          lib_a-locale.o        364      0      0        144       10     518
              FileIo.c.o          0      0      0        500       14     514
              wlanif.c.o          0      0      0        413       98     511
        lib_a-gmtime_r.o          0      0    505          0        0     505
                 api.c.o          0      0      0        500        0     500
        esp_app_desc.c.o          1      8    208         15      260     492
             pkwrite.c.o          0      0      0        492        0     492
  esp_netif_handlers.c.o          0      0      0        301      188     489
                sha1.c.o          0      0      0        489        0     489
          StackQueue.c.o          0      0      0        488        0     488
       syscall_table.c.o        144    240      0         94        0     478
             int_wdt.c.o          0      1    101        373        0     475
    system_api_esp32.c.o          0      0    471          0        0     471
       ieee80211_proto.o          0      0      0        411       56     467
     RtpVP8Payloader.c.o          0      0      0        462        0     462
    si_class_type_info.o          0      0      0        330      132     462
            vfs_lwip.c.o          0      0      0        292      168     460
           dh_groups.c.o          0      0      0         42      417     459
      cache_sram_mmu.c.o          0      0    458          0        0     458
                Auth.c.o          0      0      0        447        0     447
                http.c.o          0      0      0        443        0     443
      freertos_hooks.c.o          8    128     47        250        0     433
 ieee80211_crypto_tkip.o         24      0      0        407        0     431
                Tags.c.o          0      0      0        430        0     430
  esp_netif_lwip_ppp.c.o          0      0      0        200      222     422
          esp_hostap.c.o          0      0      0        412        0     412
         esp_ota_ops.c.o          0      4      0        183      221     408
                Dtls.c.o          0      0      0        364       40     404
          lib_a-refill.o          0      0    399          0        0     399
            IOBuffer.c.o          0      0      0        397        0     397
          lib_a-strtol.o          0      0    396          0        0     396
       uart_hal_iram.c.o          0      0      0        155      238     393
       class_type_info.o          0      0      0        283      108     391
         wslay_queue.c.o          0      0      0        222      164     386
         lib_a-strtoul.o          0      0    376          0        0     376
           wpa_debug.c.o          0      0      0        369        6     375
   lib_a-tzcalc_limits.o          0      0    374          0        0     374
              pp_timer.o         64      0      0        278       29     371
          sdmmc_init.c.o          0      0      0        368        0     368
      xtensa_context.S.o          0      0    367          0        0     367
           null_auth.c.o          0      0      0        173      186     359
       spi_flash_hal.c.o          0      0      0        309       48     357
          lib_a-memcpy.o          0      0    355          0        0     355
            brownout.c.o          0      0      0        157      196     353
           lib_a-fread.o          0      0      0        344        0     344
            cpu_util.c.o          0      0    342          0        0     342
          lib_a-fputwc.o          0      0    337          0        0     337
    RtpG711Payloader.c.o          0      0      0        334        0     334
         null_cipher.c.o          0      0      0        155      172     327
                 mem.c.o          0      0      0        162      164     326
                 md5.c.o          0      0      0        324        0     324
         ieee80211_ets.o          0      0      0        217      106     323
            eh_globals.o          0     16      0        147      156     319
ieee80211_action_vendor.          0      0      0        315        0     315
             Version.c.o          0      0      0        260       54     314
          lib_a-strcmp.o          0      0    311          0        0     311
       windowspill_asm.o          0      0    311          0        0     311
    RtpOpusPayloader.c.o          0      0      0        310        0     310
              lldesc.c.o          0      0    307          0        0     307
          rtc_module.c.o         16      8      0        274        0     298
         lib_a-strncpy.o          0      0    293          0        0     293
           ap_config.c.o          0      0      0        215       78     293
                 bt_bb.o          0      0    291          0        0     291
           lib_a-fopen.o          0      0      0        288        0     288
          lib_a-fclose.o          0      0    286          0        0     286
          lib_a-ftello.o          0      0      0        282        0     282
              pp_debug.o         76      0     23        179        0     278
          lib_printf.c.o          0      0      0        194       82     276
   spi_flash_chip_gd.c.o         95      0    180          0        0     275
         lib_a-makebuf.o          0      0    269          0        0     269
dport_panic_highint_hdl.         12      0    250          0        0     262
  memspi_host_driver.c.o         43      0    219          0        0     262
               alloc.c.o          8      0      0        142      110     260
       lib_a-sniprintf.o          0      0      0        259        0     259
        lib_a-snprintf.o          0      0      0        259        0     259
          eh_terminate.o          0      0      0        117      141     258
          lib_a-fwrite.o          0      0      0        256        0     256
            lib_a-puts.o          0      0      0        246       10     256
           lib_a-reent.o          0      0      0        252        0     252
             Version.c.o         12      0      0        200       40     252
   lib_a-__call_atexit.o          0      4      0        247        0     251
          lib_a-wsetup.o          0      0    250          0        0     250
           hw_random.c.o          0      4     77         78       89     248
            gpio_hal.c.o          0      0      0        248        0     248
        log_freertos.c.o          0      8    238          0        0     246
              wpabuf.c.o          0      0      0        173       70     243
StaticCredentialProvider          0      0      0        242        0     242
tcpip_adapter_compat.c.o          0     17      0        216        0     233
       esp_efuse_api.c.o          0      4      0        227        0     231
            lib_a-rand.o          0      0    222          0        0     222
           lib_a-stdio.o          0      0    222          0        0     222
            lib_a-wbuf.o          0      0    220          0        0     220
       debug_helpers.c.o          0      0    217          0        0     217
         lib_a-siscanf.o          0      0      0        214        0     214
                 Hex.c.o         34      0      0        178        0     212
              netbuf.c.o          0      0      0        162       49     211
          aes-unwrap.c.o          0      0      0        210        0     210
                 rdb.c.o          0      0      0        209        0     209
                Time.c.o          8      0      0        198        0     206
 spi_flash_chip_issi.c.o         97      0    104          0        0     201
       esp_wpas_glue.c.o          0      0      0        198        0     198
                 rc4.c.o          0      0      0        194        0     194
              Logger.c.o          8      0      0        162       23     193
            lib_a-putc.o          0      0      0        192        0     192
            aes-wrap.c.o          0      0      0        192        0     192
            rtc_analog.o          0      0    189          0        0     189
  default_event_loop.c.o          0      4      0        154       28     186
  ieee80211_crypto_wep.o         24      0      0        162        0     186
         lib_a-sprintf.o          0      0      0        178        0     178
          lib_a-strcpy.o          0      0    171          0        0     171
                list.c.o          0      0    171          0        0     171
   ieee80211_ie_vendor.o          0      0      0        163        4     167
                new_op.o          0      0      0         80       86     166
           lib_a-fputc.o          0      0      0        160        0     160
         gpio_periph.c.o          0      0      0          0      160     160
       lib_a-vsnprintf.o          0      0      0        156        0     156
       cache_err_int.c.o          0      0     56        100        0     156
         xtensa_intr.c.o          0      0    120          0       35     155
                  ip.c.o          0      0      0        130       24     154
spi_flash_os_func_app.c.         24      0     95         31        0     150
            lib_a-sccl.o          0      0    148          0        0     148
                heap.c.o          0      0    147          0        0     147
                 err.c.o          0      4      0        141        0     145
        lib_a-getenv_r.o          0      0    144          0        0     144
         coexist_param.o        144      0      0          0        0     144
          lib_a-memset.o          0      0    143          0        0     143
spi_flash_os_func_noos.c         16      0    127          0        0     143
          lib_a-assert.o          0      0      0         80       60     140
              ethip6.c.o          0      0      0        140        0     140
                 def.c.o          0      0      0        139        0     139
           flash_ops.c.o         20      4     77         37        0     138
          lib_a-printf.o          0      0      0        133        0     133
  esp_netif_defaults.c.o          0      0      0          0      133     133
           lib_a-flags.o          0      0      0        131        0     131
          system_api.c.o          0      8      0        117        0     125
                 key.c.o          0      0      0        125        0     125
           _fixunsdfdi.o          0      0      0        121        0     121
          spi_periph.c.o          0      0      0          0      120     120
           lib_a-fwalk.o          0      0    119          0        0     119
         lib_a-mbrtowc.o          0      0      0        116        1     117
         lib_a-wcrtomb.o          0      0    113          0        0     113
                 err.c.o          0      0      0         44       68     112
         lib_a-s_frexp.o          0      0      0        110        0     110
             Atomics.c.o         16      0      0         91        0     107
         lib_a-vprintf.o          0      0      0        104        0     104
            ffsystem.c.o          0      0      0        104        0     104
             lib2funcs.o          0      0    104          0        0     104
         nvs_types.cpp.o          0      0      0        104        0     104
          lib_a-strlen.o          0      0     99          0        0      99
        lib_a-fiprintf.o          0      0      0         98        0      98
         lib_a-fprintf.o          0      0      0         98        0      98
         sha1-pbkdf2.c.o          0      0      0         97        0      97
   lib_a-month_lengths.o         96      0      0          0        0      96
          Allocators.c.o         16      0      0         80        0      96
          crypto_ops.c.o          0      0      0          0       96      96
  ieee80211_mesh_quick.o          1      0      0         92        0      93
     lib_a-strncasecmp.o          0      0     86          0        0      86
             bad_alloc.o          0      0      0         50       35      85
     sha256-internal.c.o          0      0      0         83        0      83
         lib_a-strlcpy.o          0      0     77          0        0      77
        lib_a-wctomb_r.o          0      0     77          0        0      77
       lib_a-gettzinfo.o         64      0     12          0        0      76
       sha1-internal.c.o          0      0      0         76        0      76
        lib_a-mbtowc_r.o          0      0      0         75        0      75
      lib_a-strcasecmp.o          0      0     72          0        0      72
          reent_init.c.o          0      0     71          0        0      71
              sha256.c.o          0      0      0         70        0      70
         lib_a-memmove.o          0      0     69          0        0      69
   bootloader_common.c.o          0      0      0         67        0      67
            syscalls.c.o          0      0      0         65        0      65
     esp_efuse_table.c.o         36      0      0          0       28      64
                init.c.o          0      0      0         63        0      63
                sha1.c.o          0      0      0         63        0      63
         lib_a-strncmp.o          0      0     62          0        0      62
state_asm--restore_extra          0      0     62          0        0      62
state_asm--save_extra_nw          0      0     62          0        0      62
           os_xtensa.c.o          0      0      0         61        0      61
                Util.c.o          0      0      0         60        0      60
      lib_a-localeconv.o          0      0      0         59        0      59
          lib_a-strstr.o          0      0     58          0        0      58
         lib_a-strncat.o          0      0     56          0        0      56
          lib_a-getenv.o          0      0      0         52        0      52
               new_opv.o          0      0      0         12       40      52
            platform.c.o          8      0      0         43        0      51
              sha512.c.o          0      0      0         51        0      51
          lib_a-remove.o          0      0      0         50        0      50
           lib_a-fseek.o          0      0      0         49        0      49
          lib_a-setenv.o          0      0      0         49        0      49
                 Tls.c.o          0      0      0         48        0      48
                isatty.o          0      0     47          0        0      47
xtensa_vector_defaults.S          0      0     46          0        0      46
         lib_a-strrchr.o          0      0     45          0        0      45
            lib_a-exit.o          0      0      0         41        0      41
           lib_a-ftell.o          0      0      0         41        0      41
        ieee80211_rfid.o          0      0      0         41        0      41
               _divdi3.o          0      0      0          0       40      40
               _moddi3.o          0      0      0          0       40      40
              _udivdi3.o          0      0      0          0       40      40
              _umoddi3.o          0      0      0          0       40      40
           nvs_ops.cpp.o          0      0      0         40        0      40
             lib_a-div.o          0      0     38          0        0      38
          lib_a-memcmp.o          0      0     38          0        0      38
            lib_a-atoi.o          0      0     37          0        0      37
          lib_a-gmtime.o          0      0     36          0        0      36
            lib_a-time.o          0      0     36          0        0      36
         xtensa_init.c.o          0      4     31          0        0      35
        lib_a-strdup_r.o          0      0     32          0        0      32
  interrupts--intlevel.o          0      0      0          0       32      32
       platform_util.c.o          4      0      0         28        0      32
         lib_a-envlock.o          0      4     27          0        0      31
          lib_a-tzlock.o          0      4     27          0        0      31
     WebrtcPortLinux.c.o          0      0      0         30        0      30
             esp_mem.c.o          0      0     30          0        0      30
          lib_a-strchr.o          0      0     29          0        0      29
         lib_a-strnlen.o          0      0     29          0        0      29
           lib_a-tzset.o          0      0     29          0        0      29
        lib_a-iswspace.o          0      0      0         28        0      28
       lib_a-sysgettod.o          0      0      0         28        0      28
         lib_a-sysstat.o          0      0      0         28        0      28
        sdmmc_periph.c.o          0      0      0          0       28      28
          lib_a-memchr.o          0      0     27          0        0      27
esp_netif_lwip_defaults.          8      0      0          0       16      24
           new_handler.o          0      4      0         20        0      24
           wslay_net.c.o          0      0      0         24        0      24
        esp_hardware.c.o          0      0      0         22        0      22
          lib_a-tzvars.o         12      8      0          0        0      20
              select.c.o          0      0      0         20        0      20
spi_flash_chip_drivers.c         20      0      0          0        0      20
                stat.c.o          8      0      0          0       10      18
          lib_a-strdup.o          0      0     17          0        0      17
bootloader_flash_config_          0      0      0         16        0      16
                   phy.o          0      0      0         16        0      16
           lib_a-bzero.o          0      0     14          0        0      14
                del_op.o          0      0      0         14        0      14
           lib_a-errno.o          0      0      0         13        0      13
             pthread.c.o          0      0      0         12        0      12
  pm_for_bcn_only_mode.o          0      0      0         12        0      12
                 tinfo.o          0      0      0         12        0      12
               del_ops.o          0      0      0         10        0      10
               del_opv.o          0      0      0         10        0      10
                crtend.o          0      0      0          0        8       8
             lib_a-abs.o          0      0      8          0        0       8
            lib_a-labs.o          0      0      8          0        0       8
            pm_esp32.c.o          0      0      0          8        0       8
 int_asm--set_intclear.o          0      0      8          0        0       8
        lib_a-u_strerr.o          0      0      0          7        0       7
                  crti.o          0      0      3          3        0       6
cxx_exception_stubs.cpp.          0      0      0          6        0       6
        cxx_guards.cpp.o          0      0      0          5        0       5
               stats.c.o          0      0      0          5        0       5
          eh_exception.o          0      0      0          5        0       5
              crtbegin.o          0      0      0          0        4       4
           coexist_api.o          4      0      0          0        0       4
    FreeRTOS-openocd.c.o          4      0      0          0        0       4
       eh_term_handler.o          4      0      0          0        0       4
       eh_unex_handler.o          4      0      0          0        0       4
                  crt0.o          0      0      0          0        0       0
                  crtn.o          0      0      0          0        0       0
     project_elf_src.c.o          0      0      0          0        0       0
bootloader_efuse_esp32.c          0      0      0          0        0       0
    bootloader_flash.c.o          0      0      0          0        0       0
   bootloader_random.c.o          0      0      0          0        0       0
      bootloader_sha.c.o          0      0      0          0        0       0
  bootloader_utility.c.o          0      0      0          0        0       0
    esp_image_format.c.o          0      0      0          0        0       0
    flash_partitions.c.o          0      0      0          0        0       0
           lib_a-clock.o          0      0      0          0        0       0
          lib_a-ctype_.o          0      0      0          0        0       0
         lib_a-environ.o          0      0      0          0        0       0
          lib_a-ferror.o          0      0      0          0        0       0
           lib_a-fgets.o          0      0      0          0        0       0
           lib_a-fputs.o          0      0      0          0        0       0
    lib_a-gdtoa-gethex.o          0      0      0          0        0       0
    lib_a-gdtoa-hexnan.o          0      0      0          0        0       0
          lib_a-impure.o          0      0      0          0        0       0
         lib_a-putchar.o          0      0      0          0        0       0
          lib_a-sf_nan.o          0      0      0          0        0       0
          lib_a-sscanf.o          0      0      0          0        0       0
         lib_a-strcspn.o          0      0      0          0        0       0
      lib_a-strerror_r.o          0      0      0          0        0       0
          lib_a-strtod.o          0      0      0          0        0       0
        lib_a-svfscanf.o          0      0      0          0        0       0
        lib_a-sysclose.o          0      0      0          0        0       0
         lib_a-sysread.o          0      0      0          0        0       0
        lib_a-syswrite.o          0      0      0          0        0       0
         coexist_arbit.o          0      0      0          0        0       0
          coexist_core.o          0      0      0          0        0       0
            coexist_hw.o          0      0      0          0        0       0
         coexist_timer.o          0      0      0          0        0       0
           sdspi_crc.c.o          0      0      0          0        0       0
   sdspi_transaction.c.o          0      0      0          0        0       0
    esp_efuse_fields.c.o          0      0      0          0        0       0
            pm_locks.c.o          0      0      0          0        0       0
             esp_eth.c.o          0      0      0          0        0       0
  esp_eth_netif_glue.c.o          0      0      0          0        0       0
  esp_netif_sta_list.c.o          0      0      0          0        0       0
          mesh_event.c.o          0      0      0          0        0       0
            _addsubdf3.o          0      0      0          0        0       0
             _bswapdi2.o          0      0      0          0        0       0
             _bswapsi2.o          0      0      0          0        0       0
               _cmpdf2.o          0      0      0          0        0       0
               _divdf3.o          0      0      0          0        0       0
               _divsf3.o          0      0      0          0        0       0
          _extendsfdf2.o          0      0      0          0        0       0
              _fixdfdi.o          0      0      0          0        0       0
              _fixdfsi.o          0      0      0          0        0       0
           _fixunsdfsi.o          0      0      0          0        0       0
            _floatdidf.o          0      0      0          0        0       0
            _floatdisf.o          0      0      0          0        0       0
            _floatsidf.o          0      0      0          0        0       0
               _muldf3.o          0      0      0          0        0       0
          _popcountsi2.o          0      0      0          0        0       0
           _truncdfsf2.o          0      0      0          0        0       0
              _ucmpdi2.o          0      0      0          0        0       0
          ethernetif.c.o          0      0      0          0        0       0
               certs.c.o          0      0      0          0        0       0
                  mesh.o          0      0      0          0        0       0
           mesh_common.o          0      0      0          0        0       0
           mesh_config.o          0      0      0          0        0       0
               mesh_io.o          0      0      0          0        0       0
             mesh_main.o          0      0      0          0        0       0
          mesh_network.o          0      0      0          0        0       0
           mesh_parent.o          0      0      0          0        0       0
            mesh_quick.o          0      0      0          0        0       0
            mesh_route.o          0      0      0          0        0       0
         mesh_schedule.o          0      0      0          0        0       0
              mesh_sta.o          0      0      0          0        0       0
            mesh_timer.o          0      0      0          0        0       0
        mesh_utilities.o          0      0      0          0        0       0
             mesh_wifi.o          0      0      0          0        0       0
                   rtc.o          0      0      0          0        0       0
          rtc_io_hal.c.o          0      0      0          0        0       0
         uart_periph.c.o          0      0      0          0        0       0
     flash_ops_esp32.c.o          0      0      0          0        0       0
 spi_flash_rom_patch.c.o          0      0      0          0        0       0
                  pure.o          0      0      0          0        0       0
             aes-cbc.c.o          0      0      0          0        0       0
crypto_internal-modexp.c          0      0      0          0        0       0
   debug_helpers_asm.S.o          0      0      0          0        0       0
Adding "size-files"'s dependency "app" to list of commands with default set of options.
Executing action: app
Running ninja in directory /home/yc/_workspace/ycyang1229/amazon-kinesis-video-streams-webrtc-sdk-c-for-freertos/build
Executing "ninja app"...
Executing action: size-files
Running ninja in directory /home/yc/_workspace/ycyang1229/amazon-kinesis-video-streams-webrtc-sdk-c-for-freertos/build
Executing "ninja size-files"...

App build complete. To flash, run this command:
/home/yc/.espressif/python_env/idf4.1_py3.6_env/bin/python ../../esp/esp-idf/components/esptool_py/esptool/esptool.py -p (PORT) -b 460800 --before default_reset --after hard_reset --chip esp32  write_flash 0x10000 build/webrtc_example.bin
or run 'idf.py -p (PORT) app-flash'
