ninja: no work to do.
[1/1] cd /home/yc/_workspace/ycyang1229/amazon-kinesis-video-streams-webrtc-sdk-c-for-freertos/build && /home/yc/.espressif/python_env/idf4.1_py3.6_env/bin/python /home/yc/_workspace/esp-idf/tools/idf_size.py --files /home/yc/_workspace/ycyang1229/amazon-kinesis-video-streams-webrtc-sdk-c-for-freertos/build/webrtc_example.map
Total sizes:
 DRAM .data size:   17528 bytes
 DRAM .bss  size:    6448 bytes
Used static DRAM:   23976 bytes ( 156760 available, 13.3% used)
Used static IRAM:  118514 bytes (  12558 available, 90.4% used)
      Flash code:  977091 bytes
    Flash rodata:  250004 bytes
Total image size:~1363137 bytes (.bin may be padded larger)
Per-file contributions to ELF file:
             Object File DRAM .data & .bss   IRAM Flash code & rodata   Total
             ssl_tls.c.o         60      0      0      31210     9305   40575
        spiram_psram.c.o          8     48   7393       9538    17218   34205
            IceAgent.c.o          0      0      0      19145     2714   21859
             ssl_srv.c.o          0      0      0      14400     5701   20101
                 aes.c.o          0      0      0      10001     8704   18705
             ssl_cli.c.o          0      0      0      13396     4163   17559
                wl_cnx.o          2      0    225      13549     3369   17145
           phy_chip_v7.o        921    829   1025      14267        0   17042
       ieee80211_ioctl.o        620      0      0      13857     2483   16960
         LwsApiCalls.c.o          0     16      0      13678     2326   16020
               http2.c.o          0      0      0      10712     5259   15971
        lib_a-vfprintf.o          0      0      0      15092      752   15844
                    pp.o        180      0   9631       5344      536   15691
      ieee80211_output.o          3      0   3227      11538      886   15654
                  ff.c.o          0    170      0      15094      250   15514
               error.c.o          0      0      0       4846    10662   15508
       lib_a-svfprintf.o          0      0      0      14654      752   15406
             sockets.c.o          0      0      0      13121     1173   14294
         ieee80211_sta.o          1      0   6302       5787     2154   14244
                  wdev.o         51      0   6074       7025      508   13658
      TurnConnection.c.o          0      0      0      11166     2435   13601
                srtp.c.o         12      0      0      12033     1502   13547
                 nd6.c.o          8      0      0      12917      313   13238
       phy_chip_v7_cal.o        477     53   3420       8719        0   12669
      lib_a-svfiprintf.o          0      0      0      10575     1206   11781
       lib_a-vfiprintf.o          0      0      0      10920      734   11654
          ieee80211_ht.o          0      0   1583       8866      870   11319
              tcp_in.c.o          0      0      0       9517     1306   10823
                   trc.o        636      0   3770       5107     1203   10716
                  lmac.o          2      0   1776       8239      619   10636
          ecp_curves.c.o         28      0      0       7761     2325   10114
        ieee80211_scan.o         14      0      0       8003     1941    9958
              Common.c.o          0      4      0       7469     2446    9919
                 tcp.c.o          6      0      0       7635     2026    9667
       phy_chip_v7_ana.o        206     48   2042       7360        0    9656
               tasks.c.o         12    700   7963          0      891    9566
       lib_a-svfiscanf.o          0      0      0       9416       34    9450
                 ecp.c.o          0     64      0       9070      286    9420
                 wpa.c.o          0    652      0       7557     1084    9293
      ieee80211_hostap.o          1      0      0       8493      585    9079
             tcp_out.c.o          0      0      0       6496     2367    8863
             parsers.c.o          0      0      0       6097     2677    8774
  SessionDescription.c.o          0      0      0       7684     1084    8768
            x509_crt.c.o          0      0      0       7798      826    8624
               hpack.c.o          0      0      0       5857     2701    8558
            wpa_auth.c.o          0     68      0       7839      641    8548
      PeerConnection.c.o          0      4      0       7802      628    8434
             api_msg.c.o          0      0      0       6792     1635    8427
           Signaling.c.o          0      0      0       7456      318    7774
                    pm.o          0      0    610       6530      594    7734
              bignum.c.o          0      0      0       7021      672    7693
                dhcp.c.o          0      0      0       6169     1420    7589
                 sae.c.o          0      0      0       6363     1111    7474
       ieee80211_input.o          0      0      0       6519      870    7389
         client-http.c.o          0      0      0       5133     2254    7387
                 rsa.c.o          0      0      0       7325        0    7325
                gpio.c.o         32      0    261       4274     2674    7241
                Stun.c.o          0      0      0       7153       80    7233
          nvs_page.cpp.o          0      0      0       5427     1450    6877
          esp_sha512.c.o          0      0      0       5527      768    6295
         AwsV4Signer.c.o          0      0      0       5579      557    6136
       ieee80211_debug.o          0      0      0        206     5921    6127
                 dns.c.o          0      0      0       5680      274    5954
                 udp.c.o          2      0      0       4876      879    5757
          spi_master.c.o          0     12    850       2414     2424    5700
                 oid.c.o          0      0      0       1048     4535    5583
      esp_netif_lwip.c.o          0     13      0       4225     1227    5465
            esp_sha1.c.o          0      0      0       5386       64    5450
                 wsi.c.o          0      0      0       3764     1685    5449
          spi_common.c.o         19     33    140       3143     2096    5431
             context.c.o         72      0      0       3418     1730    5220
       nvs_storage.cpp.o          0      0      0       4106     1073    5179
     esp_err_to_name.c.o          0      0      0         53     5101    5154
    ssl_ciphersuites.c.o          0    200      0        294     4571    5065
                 ip6.c.o          0      0      0       4890      136    5026
            vfs_uart.c.o        116      8      0       4067      802    4993
    client-handshake.c.o          0      0      0       3438     1500    4938
               vhost.c.o         24      0      0       3460     1417    4901
         ieee80211_api.o         20      0     20       3621     1048    4709
              ops-h2.c.o          0      0      0       3307     1336    4643
         ieee80211_nvs.o          4      0      0       3622      949    4575
                 vfs.c.o        192     40      0       4085      244    4561
        Dtls_mbedtls.c.o          8      0      0       4270      232    4510
             vfs_fat.c.o          0      8      0       4081      388    4477
            phy_init.c.o         16     38    266       2432     1621    4373
               panic.c.o       2029      5   2268          0        0    4302
               netif.c.o          0      0      0       3113     1011    4124
          sdmmc_host.c.o          8     12      0       3586      437    4043
    client-parser-ws.c.o          0      0      0       2789     1157    3946
          esp_sha256.c.o          0      0      0       3619      320    3939
             pkparse.c.o          0      0      0       3607      288    3895
              ops-ws.c.o          0      0      0       3011      828    3839
            lib_a-dtoa.o          0      0      0       3811       13    3824
        lib_a-strftime.o        435      0   3368          0        0    3803
              etharp.c.o          0      0      0       3158      618    3776
        unwind-dw2-fde.o          8     12      0       3322      388    3730
                pbuf.c.o          0      0      0       2613     1109    3722
        StateMachine.c.o        388      0      0       3290        0    3678
            ip6_frag.c.o          0      0      0       3116      553    3669
IceAgentStateMachine.c.o        228      0      0       2865      488    3581
             portasm.S.o       3084      0    480          0        0    3564
          intr_alloc.c.o          8     22    677       2079      725    3511
                 Rtp.c.o          0      0      0       3485       21    3506
        coexist_scheme.o       1160     28      0       2276        0    3464
           esp_event.c.o          0      0      0       2550      896    3446
               queue.c.o          0      0   2869          0      454    3323
           client-ws.c.o          0      0      0       1892     1407    3299
kvsWebRTCClientMaster.c.          0      0      0       1450     1819    3269
        aes-internal.c.o          0      0      0        910     2314    3224
                 md5.c.o          0      0      0       3173        0    3173
        lib_a-strerror.o          0      0      0        906     2258    3164
          esp_bignum.c.o          0      4      0       3050      108    3162
        sdmmc_common.c.o          0      0      0       1651     1457    3108
                 raw.c.o          0      0      0       2855      242    3097
              pollfd.c.o          0      0      0       2149      878    3027
                uart.c.o         56     12      0       2467      452    2987
             api_lib.c.o          0      0      0       2140      830    2970
                x509.c.o          0      0      0       2854      116    2970
          dhcpserver.c.o          5      0      0       2894       68    2967
             service.c.o          0      0      0       2310      636    2946
               close.c.o          0      0      0       2247      686    2933
                igmp.c.o          0      0      0       2079      849    2928
          multi_heap.c.o        301      0   2620          0        0    2921
              cipher.c.o          8      0      0       2454      451    2913
kvswebrtc_example_main.c          0     80      0       1518     1310    2908
           sdmmc_cmd.c.o          0      0      0       2282      581    2863
    SocketConnection.c.o          0      0      0       2279      552    2831
               esf_buf.o        308      0   1056       1067      381    2812
          TimerQueue.c.o          0      0      0       2566      166    2732
                sha1.c.o         24      0      0       2519      173    2716
     unwind-dw2-xtensa.o          0      1      0       2368      324    2693
                 aes.c.o          8      0      0       2623        0    2631
            sdmmc_sd.c.o          0      0      0       1622      963    2585
           lib_a-mprec.o          0      0      0       2284      296    2580
        spi_hal_iram.c.o          0      0   2437          0      118    2555
              ssl_pm.c.o          0      4      0       2141      404    2549
              wpa_ie.c.o          0      0      0       2079      407    2486
              cipher.c.o          0      0      0       2453       20    2473
  ieee80211_supplicant.o          2      0     24       2296      124    2446
      mbedtls-client.c.o          0      0      0       1538      905    2443
             pthread.c.o          8     12    277       1682      463    2442
             rtc_clk.c.o        160      4   2274          0        0    2438
        md5-internal.c.o          0      0      0       2433        0    2433
                Rtcp.c.o          0      0      0       1850      563    2413
          wpa_common.c.o          0      0      0       2362       42    2404
  ConnectionListener.c.o          0      0      0       2169      205    2374
   sdmmc_transaction.c.o          0     84      0       1777      509    2370
           cpu_start.c.o          0      1   1096        385      806    2288
                 ip4.c.o          0      0      0       2125      151    2276
                mld6.c.o          0      0      0       2202       54    2256
           sdmmc_mmc.c.o          0      0      0       1558      675    2233
             Network.c.o          0      0      0       1715      509    2224
           FileCache.c.o          0      0      0       1980      160    2140
             if_hwctrl.o          0      0      0       2059       66    2125
                 gcm.c.o          0      0      0       1995      128    2123
       esp_flash_api.c.o          0      0   1981         16      121    2118
    RtpH264Payloader.c.o          0      0      0       2015       89    2104
             Metrics.c.o          0      0      0       1926      177    2103
               sha-1.c.o          0      0      0       2085       16    2101
          flash_mmap.c.o          0    264   1407        125      300    2096
              ops-h1.c.o          0      0      0       1386      688    2074
        JitterBuffer.c.o          0      0      0       2056       13    2069
         wpa_auth_ie.c.o          0      0      0       1981       67    2048
        eh_personality.o          0      0      0       1659      384    2043
     esp_timer_esp32.c.o          8     25   1305        296      396    2030
            esp_wpa3.c.o          8     88      0       1172      755    2023
              rtc_io.c.o          0      0      0       1184      790    1974
           datatypes.c.o          0   1024      0        933       16    1973
       libwebsockets.c.o          0      0      0       1914       48    1962
             aes_icm.c.o          8     32      0       1295      622    1957
           nvs_api.cpp.o          0     20      0       1913       16    1949
                port.c.o          8     16   1434          0      468    1926
              header.c.o          0      0      0        360     1558    1918
       ieee80211_timer.o        152      0      0       1143      619    1914
  spi_flash_hal_iram.c.o         24      0   1885          0        0    1909
           heap_caps.c.o          4      0   1274        264      362    1904
          FileLogger.c.o          0      4      0       1636      243    1883
            task_wdt.c.o         53      4      0       1315      497    1869
              String.c.o         37      0      0       1807        0    1844
         cipher_wrap.c.o          0      0      0        446     1392    1838
               debug.c.o          0      4      0       1626      205    1835
 ieee80211_crypto_ccmp.o         24      0      0       1377      421    1822
spi_flash_chip_generic.c        343      0   1471          0        0    1814
      xtensa_vectors.S.o          8      0   1765          0       36    1809
            sys_arch.c.o          0      0      0       1207      598    1805
   nvs_pagemanager.cpp.o          0      0      0       1536      256    1792
                wl_chm.o          4      0     30       1524      217    1775
             ssl_lib.c.o          0      0      0       1339      383    1722
             ieee80211.o          0      0      0       1491      218    1709
               ecdsa.c.o          0      0      0       1660       17    1677
              output.c.o          0      0      0       1121      545    1666
            IceUtils.c.o          0      0      0       1471      185    1656
              Client.c.o          0      0      0       1175      481    1656
          lib_a-mktime.o         96      0   1554          0        0    1650
   esp_efuse_utility.c.o          0      0      0        935      711    1646
         ChannelInfo.c.o          0      0      0       1458      176    1634
           RtpPacket.c.o          0      0      0       1616       10    1626
         Tls_mbedtls.c.o          0      0      0       1552       62    1614
         esp_adapter.c.o        384      5    379        841        0    1609
                sntp.c.o          4      0      0       1335      267    1606
      crypto_mbedtls.c.o          0      0      0       1603        0    1603
             spi_hal.c.o          0      0      0       1095      507    1602
        rsa_internal.c.o          0      0      0       1544       54    1598
                logs.c.o          8    257      0       1062      270    1597
         RequestInfo.c.o          0      0      0       1542       23    1565
             connect.c.o          0      0      0       1202      339    1541
                time.c.o          0     32    143       1341        0    1516
       x509write_crt.c.o          0      0      0       1465        0    1465
         wsi-timeout.c.o          0      0      0        942      517    1459
    aes-internal-dec.c.o          0      0      0       1456        0    1456
           esp_timer.c.o          8     96    627        595      122    1448
            cert.pem.S.o          0      0      0          0     1428    1428
                 ccm.c.o          0      0      0       1426        0    1426
                jsmn.c.o          0      0      0       1418        0    1418
              common.c.o          0      0      0       1066      348    1414
         pmksa_cache.c.o          0      0      0       1325       81    1406
       crypto_kernel.c.o          8     16      0       1146      232    1402
                 smd.c.o          0      0      0       1160      232    1392
         x509_create.c.o          0      0      0        787      600    1387
                 dhm.c.o          0      0      0       1383        0    1383
           ffunicode.c.o          0      0      0        390      978    1368
                 pem.c.o          0      0      0       1256      111    1367
                 log.c.o          8    264     44        880      168    1364
            rtc_init.c.o          0      0   1362          0        0    1362
        wifi_default.c.o          0      9      0       1036      313    1358
         cache_utils.c.o          4     14    835        108      393    1354
              timers.c.o          8     56   1050          0      226    1340
          Endianness.c.o         68      4      0       1254        0    1326
         mbedtls-ssl.c.o          0      4      0       1023      297    1324
         periph_ctrl.c.o          8      0      0       1029      280    1317
      Retransimitter.c.o          0      0      0       1033      283    1316
      heap_caps_init.c.o          8      4      0       1067      218    1297
            sdmmc_io.c.o          0      0      0        897      361    1258
          sdspi_host.c.o          0     72      0        990      191    1253
           Serialize.c.o          0      0      0       1159       94    1253
         ieee80211_phy.o          0      0      0        746      500    1246
   soc_memory_layout.c.o          0      0      0          0     1235    1235
    aes-internal-enc.c.o          0      0      0       1230        0    1230
               icmp6.c.o          0      0      0        933      288    1221
                 sha.c.o         16     13      0        915      264    1208
       ieee80211_power.o          0      0      0       1173       35    1208
                icmp.c.o          0      0      0        934      250    1184
           asn1write.c.o          0      0      0       1183        0    1183
              pkcs12.c.o          0      0      0       1174        0    1174
         SrtpSession.c.o          0      0      0        682      486    1168
            ctr_drbg.c.o          0      0      0       1168        0    1168
       rtc_io_periph.c.o          0      0      0          0     1168    1168
           HashTable.c.o          0      0      0       1167        0    1167
           partition.c.o          0      8      0        913      224    1145
       RollingBuffer.c.o          0      0      0       1090       46    1136
    freertos-service.c.o          0      0      0       1094       39    1133
           asn1parse.c.o          0      0      0       1116        0    1116
               tcpip.c.o          0      0      0        792      314    1106
              Base64.c.o        328      0      0        770        0    1098
               Crc32.c.o          0      0      0         60     1024    1084
     xtensa_intr_asm.S.o       1024      0     51          0        0    1075
            rtc_time.c.o          0      0    865          0      190    1055
             ringbuf.c.o          0      0    900          0      151    1051
         Deserialize.c.o          0      0      0       1020       31    1051
         lib_a-tzset_r.o         60     26    954          0        0    1040
        esp_wpa_main.c.o          0      0      0        902      132    1034
                  md.c.o          0      0      0       1008       24    1032
             aes-ccm.c.o          0      0      0       1003       22    1025
    SingleLinkedList.c.o          0      0      0       1018        0    1018
       vfs_fat_sdmmc.c.o          0      9      0        763      214     986
               pkcs5.c.o          0      0      0        965       10     975
          lib_a-fseeko.o          0      0      0        974        0     974
              spiram.c.o          0      1    351        469      150     971
                ecdh.c.o          0      0      0        966        0     966
             pk_wrap.c.o          0      0      0        707      246     953
                  pk.c.o          0      0      0        932       11     943
 memory_layout_utils.c.o          0      0      0        633      299     932
         ops-raw-skt.c.o          0      0      0        630      298     928
               netdb.c.o          0      0      0        770      156     926
                hmac.c.o          8      0      0        585      324     917
            timeouts.c.o          0      0      0        583      328     911
                 clk.c.o          0      0     70        624      212     906
                memp.c.o          0      0      0        229      675     904
             buflist.c.o          0      0      0        598      296     894
             md_wrap.c.o          0      0      0        596      292     888
                 tls.c.o          0      0      0        547      338     885
        event_groups.c.o          0      0    742          0      141     883
                ccmp.c.o          0      0      0        840       39     879
        dport_access.c.o          8     40    496        205      129     878
              Thread.c.o         24      8      0        635      208     875
   esp_netif_objects.c.o          4     12      0        612      244     872
              misc_nvs.o          0     29      0        607      228     864
          RtcpPacket.c.o          0      0      0        847        4     851
   ieee80211_regdomain.o         24      0      0        815        0     839
             rtc_wdt.c.o          0      0    838          0        0     838
            mac_addr.c.o          0      6      0        453      361     820
           lib_a-qsort.o          0      0      0        796        0     796
               State.c.o          0      0      0        726       64     790
                 ipc.c.o          0     56    192        418      120     786
    DoubleLinkedList.c.o          0      0      0        780        0     780
           hmac_drbg.c.o          0      0      0        770        0     770
          wifi_netif.c.o          0     16      0        446      306     768
    ets_timer_legacy.c.o          0      0    261        160      341     762
               Mutex.c.o         52      0      0        654       51     757
         lib_a-fvwrite.o          0      0    756          0        0     756
      ieee80211_crypto.o          0      0      0        603      150     753
    RtpRollingBuffer.c.o          0      0      0        719       17     736
            ip4_addr.c.o          0      0      0        567      167     734
             network.c.o          0      0      0        633       79     712
       lib_a-lcltime_r.o          0      0    700          0        0     700
pthread_local_storage.c.          8      4      0        544      129     685
           sequencer.c.o          0      0      0        557      125     682
nvs_item_hash_list.cpp.o          0      0      0        510      168     678
             entropy.c.o          0      0      0        647        0     647
          lib_a-findfp.o          0      8    637          0        0     645
                auth.c.o          8      0      0        472      164     644
            ethernet.c.o          0      0      0        493      150     643
          rate_control.o          0      0      0        292      344     636
    pthread_cond_var.c.o          0      0      0        632        0     632
          event_send.c.o          0      0      0        389      239     628
            ip4_frag.c.o          0      0      0        469      143     612
  esp_flash_spi_init.c.o        120      4      0        226      261     611
               locks.c.o          8      0    507          5       87     607
nvs_partition_manager.cp          0      4      0        584       16     604
              sha256.c.o          0      0      0        599        0     599
        diskio_sdmmc.c.o          0      8      0        334      254     596
                 ekt.c.o          0      0      0        455      130     585
      ieee80211_action.o         56      0      0        504       19     579
           wifi_init.c.o         12      4      0        268      285     569
            lws_dll2.c.o          0      0      0        436      129     565
               state.c.o          0      0      0        400      162     562
          lib_a-fflush.o          0      0    552          0        0     552
       lib_a-timelocal.o        551      0      0          0        0     551
            uart_hal.c.o          0      0      0        544        0     544
      flash_qio_mode.c.o          0      0      0        543        0     543
                rdbx.c.o          0      0      0        542        0     542
          lib_a-ungetc.o          0      0    540          0        0     540
         inet_chksum.c.o          0      0      0        539        0     539
         lib_a-strtoll.o          0      0      0        538        0     538
            ip6_addr.c.o          0      0      0        509       24     533
 nvs_handle_simple.cpp.o          0      0      0        473       60     533
    freertos-sockets.c.o          0      0      0        529        0     529
        lib_a-setenv_r.o          0      4      0        522        0     526
        lib_a-strtoull.o          0      0      0        526        0     526
              diskio.c.o          4      8      0        397      116     525
       crosscore_int.c.o          8      8    221        138      149     524
           aes-omac1.c.o          0      0      0        521        0     521
          lib_a-locale.o        364      0      0        144       10     518
        reset_reason.c.o          0      4    119        201      194     518
              base64.c.o          0      0      0        389      128     517
    sorted-usec-list.c.o          0      0      0        399      118     517
              FileIo.c.o          0      0      0        500       14     514
          tls-client.c.o          0      0      0        407      104     511
              wlanif.c.o          0      0      0        413       94     507
        lib_a-gmtime_r.o          0      0    505          0        0     505
               adopt.c.o          0      0      0        353      143     496
        esp_app_desc.c.o          1      8    208         15      260     492
             pkwrite.c.o          0      0      0        492        0     492
  esp_netif_handlers.c.o          0      0      0        301      188     489
                sha1.c.o          0      0      0        489        0     489
          StackQueue.c.o          0      0      0        488        0     488
       syscall_table.c.o        144    240      0         94        0     478
             int_wdt.c.o          0      1    101        373        0     475
    system_api_esp32.c.o          0      0    471          0        0     471
            ssl_x509.c.o          0      0      0        375       95     470
       ieee80211_proto.o          0      0      0        411       56     467
            vfs_lwip.c.o          0      0      0        300      164     464
     RtpVP8Payloader.c.o          0      0      0        462        0     462
    si_class_type_info.o          0      0      0        330      132     462
           dh_groups.c.o          0      0      0         42      417     459
      cache_sram_mmu.c.o          0      0    458          0        0     458
                Auth.c.o          0      0      0        447        0     447
      freertos_hooks.c.o          8    128     47        250        0     433
 ieee80211_crypto_tkip.o         24      0      0        407        0     431
                Tags.c.o          0      0      0        430        0     430
  esp_netif_lwip_ppp.c.o          0      0      0        200      222     422
              system.c.o          0      0      0        268      150     418
                Dtls.c.o          0      0      0        372       40     412
          esp_hostap.c.o          0      0      0        412        0     412
            IOBuffer.c.o          0      0      0        405        0     405
         esp_ota_ops.c.o          0      4      0        183      217     404
          lib_a-refill.o          0      0    399          0        0     399
          lib_a-strtol.o          0      0    396          0        0     396
       class_type_info.o          0      0      0        283      108     391
       uart_hal_iram.c.o          0      0      0        155      234     389
         lib_a-strtoul.o          0      0    376          0        0     376
           wpa_debug.c.o          0      0      0        369        6     375
   lib_a-tzcalc_limits.o          0      0    374          0        0     374
              pp_timer.o         64      0      0        278       29     371
          sdmmc_init.c.o          0      0      0        368        0     368
      xtensa_context.S.o          0      0    367          0        0     367
        ops-raw-file.c.o          0      0      0        214      152     366
       freertos-file.c.o          0      0    352          0       10     362
           null_auth.c.o          0      0      0        173      186     359
         tls-network.c.o          0      0      0        292       65     357
          lib_a-memcpy.o          0      0    355          0        0     355
       spi_flash_hal.c.o          0      0      0        305       48     353
            brownout.c.o          0      0      0        157      192     349
           lib_a-fread.o          0      0      0        344        0     344
            cpu_util.c.o          0      0    342          0        0     342
          lib_a-fputwc.o          0      0    337          0        0     337
    RtpG711Payloader.c.o          0      0      0        334        0     334
       freertos-pipe.c.o          0      0      0        300       33     333
            ssl_pkey.c.o          0      0      0        331        0     331
              netbuf.c.o          0      0      0        160      168     328
         null_cipher.c.o          0      0      0        155      172     327
                 md5.c.o          0      0      0        324        0     324
         ieee80211_ets.o          0      0      0        217      106     323
                 mem.c.o          0      0      0        162      160     322
            eh_globals.o          0     16      0        147      156     319
ieee80211_action_vendor.          0      0      0        315        0     315
             Version.c.o          0      0      0        260       54     314
          lib_a-strcmp.o          0      0    311          0        0     311
       windowspill_asm.o          0      0    311          0        0     311
        freertos-fds.c.o          0      0      0        169      142     311
    RtpOpusPayloader.c.o          0      0      0        310        0     310
              lldesc.c.o          0      0    307          0        0     307
          rtc_module.c.o         16      8      0        270        0     294
       base64-decode.c.o          0      0      0        229       65     294
         lib_a-strncpy.o          0      0    293          0        0     293
                 bt_bb.o          0      0    291          0        0     291
           ap_config.c.o          0      0      0        211       78     289
           lib_a-fopen.o          0      0      0        288        0     288
          lib_a-fclose.o          0      0    286          0        0     286
          lib_a-ftello.o          0      0      0        282        0     282
              pp_debug.o         76      0     23        179        0     278
          lib_printf.c.o          0      0      0        194       82     276
       freertos-init.c.o          0      0      0        132      144     276
   spi_flash_chip_gd.c.o         95      0    180          0        0     275
         lib_a-makebuf.o          0      0    269          0        0     269
dport_panic_highint_hdl.         12      0    250          0        0     262
  memspi_host_driver.c.o         43      0    219          0        0     262
               alloc.c.o          4      4      0        211       42     261
               alloc.c.o          8      0      0        142      110     260
       lib_a-sniprintf.o          0      0      0        259        0     259
        lib_a-snprintf.o          0      0      0        259        0     259
          eh_terminate.o          0      0      0        117      141     258
          lib_a-fwrite.o          0      0      0        256        0     256
            lib_a-puts.o          0      0      0        246       10     256
           lib_a-reent.o          0      0      0        252        0     252
             Version.c.o         12      0      0        200       40     252
   lib_a-__call_atexit.o          0      4      0        247        0     251
          lib_a-wsetup.o          0      0    250          0        0     250
            gpio_hal.c.o          0      0      0        248        0     248
        log_freertos.c.o          0      8    238          0        0     246
           hw_random.c.o          0      4     77         78       85     244
              wpabuf.c.o          0      0      0        173       70     243
StaticCredentialProvider          0      0      0        242        0     242
tcpip_adapter_compat.c.o          0     17      0        216        0     233
       esp_efuse_api.c.o          0      4      0        223        0     227
            lib_a-rand.o          0      0    222          0        0     222
           lib_a-stdio.o          0      0    222          0        0     222
            lib_a-wbuf.o          0      0    220          0        0     220
       debug_helpers.c.o          0      0    217          0        0     217
            ops-pipe.c.o          0      0      0         70      145     215
         lib_a-siscanf.o          0      0      0        214        0     214
                 Hex.c.o         34      0      0        178        0     212
          aes-unwrap.c.o          0      0      0        210        0     210
                 rdb.c.o          0      0      0        209        0     209
                Time.c.o          8      0      0        198        0     206
 spi_flash_chip_issi.c.o         97      0    104          0        0     201
       esp_wpas_glue.c.o          0      0      0        198        0     198
                 rc4.c.o          0      0      0        194        0     194
            lib_a-putc.o          0      0      0        192        0     192
            aes-wrap.c.o          0      0      0        192        0     192
            rtc_analog.o          0      0    189          0        0     189
  default_event_loop.c.o          0      4      0        154       28     186
  ieee80211_crypto_wep.o         24      0      0        162        0     186
         lib_a-sprintf.o          0      0      0        178        0     178
              Logger.c.o          8      0      0        162        4     174
          lib_a-strcpy.o          0      0    171          0        0     171
                list.c.o          0      0    171          0        0     171
   ieee80211_ie_vendor.o          0      0      0        163        4     167
                new_op.o          0      0      0         80       86     166
           lib_a-fputc.o          0      0      0        160        0     160
         gpio_periph.c.o          0      0      0          0      160     160
       lib_a-vsnprintf.o          0      0      0        156        0     156
       cache_err_int.c.o          0      0     56        100        0     156
         xtensa_intr.c.o          0      0    120          0       35     155
                  ip.c.o          0      0      0        130       24     154
                heap.c.o          0      0    154          0        0     154
spi_flash_os_func_app.c.         24      0     95         31        0     150
            lib_a-sccl.o          0      0    148          0        0     148
                 err.c.o          0      4      0        141        0     145
        lib_a-getenv_r.o          0      0    144          0        0     144
         coexist_param.o        144      0      0          0        0     144
          lib_a-memset.o          0      0    143          0        0     143
spi_flash_os_func_noos.c         16      0    127          0        0     143
          lib_a-assert.o          0      0      0         80       60     140
              ethip6.c.o          0      0      0        140        0     140
                 def.c.o          0      0      0        139        0     139
           flash_ops.c.o         20      4     77         37        0     138
         mbedtls-tls.c.o          0      0      0         47       88     135
          lib_a-printf.o          0      0      0        133        0     133
  esp_netif_defaults.c.o          0      0      0          0      133     133
           lib_a-flags.o          0      0      0        131        0     131
         ssl_methods.c.o          0      0      0         36       92     128
       freertos-misc.c.o          0      0      0        127        0     127
          system_api.c.o          0      8      0        117        0     125
                 key.c.o          0      0      0        125        0     125
           _fixunsdfdi.o          0      0      0        121        0     121
          spi_periph.c.o          0      0      0          0      120     120
           lib_a-fwalk.o          0      0    119          0        0     119
         lib_a-mbrtowc.o          0      0      0        116        1     117
            syscalls.c.o          0      0      0        115        0     115
         lib_a-wcrtomb.o          0      0    113          0        0     113
                 err.c.o          0      0      0         44       68     112
         lib_a-s_frexp.o          0      0      0        110        0     110
            ssl_cert.c.o          0      0      0        110        0     110
             Atomics.c.o         16      0      0         91        0     107
         lib_a-vprintf.o          0      0      0        104        0     104
            ffsystem.c.o          0      0      0        104        0     104
             lib2funcs.o          0      0    104          0        0     104
         nvs_types.cpp.o          0      0      0        104        0     104
          lib_a-strlen.o          0      0     99          0        0      99
        lib_a-fiprintf.o          0      0      0         98        0      98
         lib_a-fprintf.o          0      0      0         98        0      98
         sha1-pbkdf2.c.o          0      0      0         97        0      97
   lib_a-month_lengths.o         96      0      0          0        0      96
          Allocators.c.o         16      0      0         80        0      96
          crypto_ops.c.o          0      0      0          0       96      96
  ieee80211_mesh_quick.o          1      0      0         92        0      93
      dummy-callback.c.o          0      0      0         45       47      92
     lib_a-strncasecmp.o          0      0     86          0        0      86
             bad_alloc.o          0      0      0         50       35      85
     sha256-internal.c.o          0      0      0         83        0      83
         lib_a-strlcpy.o          0      0     77          0        0      77
        lib_a-wctomb_r.o          0      0     77          0        0      77
       lib_a-gettzinfo.o         64      0     12          0        0      76
                poll.c.o         60      0      0          0       16      76
       sha1-internal.c.o          0      0      0         76        0      76
        lib_a-mbtowc_r.o          0      0      0         75        0      75
      lib_a-strcasecmp.o          0      0     72          0        0      72
          reent_init.c.o          0      0     71          0        0      71
              sha256.c.o          0      0      0         70        0      70
         lib_a-memmove.o          0      0     69          0        0      69
   bootloader_common.c.o          0      0      0         67        0      67
     esp_efuse_table.c.o         36      0      0          0       28      64
                init.c.o          0      0      0         63        0      63
         lib_a-strncmp.o          0      0     62          0        0      62
state_asm--restore_extra          0      0     62          0        0      62
state_asm--save_extra_nw          0      0     62          0        0      62
           os_xtensa.c.o          0      0      0         61        0      61
                Util.c.o          0      0      0         60        0      60
      lib_a-localeconv.o          0      0      0         59        0      59
          lib_a-strstr.o          0      0     58          0        0      58
         lib_a-strncat.o          0      0     56          0        0      56
          lib_a-getenv.o          0      0      0         52        0      52
               new_opv.o          0      0      0         12       40      52
            platform.c.o          8      0      0         43        0      51
              sha512.c.o          0      0      0         51        0      51
          lib_a-remove.o          0      0      0         50        0      50
           lib_a-fseek.o          0      0      0         49        0      49
          lib_a-setenv.o          0      0      0         49        0      49
                sha1.c.o          0      0      0         49        0      49
                 Tls.c.o          0      0      0         48        0      48
                isatty.o          0      0     47          0        0      47
xtensa_vector_defaults.S          0      0     46          0        0      46
         lib_a-strrchr.o          0      0     45          0        0      45
           lib_a-atoll.o          0      0      0         43        0      43
            lib_a-exit.o          0      0      0         41        0      41
           lib_a-ftell.o          0      0      0         41        0      41
        ieee80211_rfid.o          0      0      0         41        0      41
               _divdi3.o          0      0      0          0       40      40
               _moddi3.o          0      0      0          0       40      40
              _udivdi3.o          0      0      0          0       40      40
              _umoddi3.o          0      0      0          0       40      40
           nvs_ops.cpp.o          0      0      0         40        0      40
             lib_a-div.o          0      0     38          0        0      38
          lib_a-memcmp.o          0      0     38          0        0      38
            lib_a-atoi.o          0      0     37          0        0      37
          lib_a-gmtime.o          0      0     36          0        0      36
            lib_a-time.o          0      0     36          0        0      36
         xtensa_init.c.o          0      4     31          0        0      35
        lib_a-strdup_r.o          0      0     32          0        0      32
  interrupts--intlevel.o          0      0      0          0       32      32
       platform_util.c.o          4      0      0         28        0      32
         lib_a-envlock.o          0      4     27          0        0      31
          lib_a-tzlock.o          0      4     27          0        0      31
             esp_mem.c.o          0      0     30          0        0      30
            ssl_port.c.o          0      0      0         30        0      30
          lib_a-strchr.o          0      0     29          0        0      29
         lib_a-strnlen.o          0      0     29          0        0      29
        lib_a-syslseek.o          0      0      0         29        0      29
           lib_a-tzset.o          0      0     29          0        0      29
        lib_a-iswspace.o          0      0      0         28        0      28
       lib_a-sysgettod.o          0      0      0         28        0      28
         lib_a-sysstat.o          0      0      0         28        0      28
        sdmmc_periph.c.o          0      0      0          0       28      28
          lib_a-memchr.o          0      0     27          0        0      27
       lib_a-sysisatty.o          0      0      0         25        0      25
        lib_a-sysfstat.o          0      0      0         24        0      24
esp_netif_lwip_defaults.          8      0      0          0       16      24
           new_handler.o          0      4      0         20        0      24
        esp_hardware.c.o          0      0      0         22        0      22
          lib_a-tzvars.o         12      8      0          0        0      20
              select.c.o          0      0      0         20        0      20
spi_flash_chip_drivers.c         20      0      0          0        0      20
                stat.c.o          8      0      0          0       10      18
          lib_a-strdup.o          0      0     17          0        0      17
bootloader_flash_config_          0      0      0         16        0      16
                   phy.o          0      0      0         16        0      16
           lib_a-bzero.o          0      0     14          0        0      14
                del_op.o          0      0      0         14        0      14
           lib_a-errno.o          0      0      0         13        0      13
         net_sockets.c.o          0      0      0         12        0      12
             pthread.c.o          0      0      0         12        0      12
  pm_for_bcn_only_mode.o          0      0      0         12        0      12
                 tinfo.o          0      0      0         12        0      12
               del_ops.o          0      0      0         10        0      10
               del_opv.o          0      0      0         10        0      10
                crtend.o          0      0      0          0        8       8
             lib_a-abs.o          0      0      8          0        0       8
            lib_a-labs.o          0      0      8          0        0       8
            pm_esp32.c.o          0      0      0          8        0       8
 int_asm--set_intclear.o          0      0      8          0        0       8
        lib_a-u_strerr.o          0      0      0          7        0       7
                  crti.o          0      0      3          3        0       6
cxx_exception_stubs.cpp.          0      0      0          6        0       6
        cxx_guards.cpp.o          0      0      0          5        0       5
               stats.c.o          0      0      0          5        0       5
          eh_exception.o          0      0      0          5        0       5
              crtbegin.o          0      0      0          0        4       4
           coexist_api.o          4      0      0          0        0       4
    FreeRTOS-openocd.c.o          4      0      0          0        0       4
                 errno.o          0      4      0          0        0       4
       eh_term_handler.o          4      0      0          0        0       4
       eh_unex_handler.o          4      0      0          0        0       4
                  crt0.o          0      0      0          0        0       0
                  crtn.o          0      0      0          0        0       0
     project_elf_src.c.o          0      0      0          0        0       0
bootloader_efuse_esp32.c          0      0      0          0        0       0
    bootloader_flash.c.o          0      0      0          0        0       0
   bootloader_random.c.o          0      0      0          0        0       0
      bootloader_sha.c.o          0      0      0          0        0       0
  bootloader_utility.c.o          0      0      0          0        0       0
    esp_image_format.c.o          0      0      0          0        0       0
    flash_partitions.c.o          0      0      0          0        0       0
           lib_a-clock.o          0      0      0          0        0       0
          lib_a-ctype_.o          0      0      0          0        0       0
         lib_a-environ.o          0      0      0          0        0       0
          lib_a-ferror.o          0      0      0          0        0       0
           lib_a-fgets.o          0      0      0          0        0       0
           lib_a-fputs.o          0      0      0          0        0       0
    lib_a-gdtoa-gethex.o          0      0      0          0        0       0
    lib_a-gdtoa-hexnan.o          0      0      0          0        0       0
          lib_a-impure.o          0      0      0          0        0       0
         lib_a-putchar.o          0      0      0          0        0       0
          lib_a-sf_nan.o          0      0      0          0        0       0
          lib_a-sscanf.o          0      0      0          0        0       0
         lib_a-strcspn.o          0      0      0          0        0       0
      lib_a-strerror_r.o          0      0      0          0        0       0
          lib_a-strtod.o          0      0      0          0        0       0
        lib_a-svfscanf.o          0      0      0          0        0       0
        lib_a-sysclose.o          0      0      0          0        0       0
         lib_a-sysopen.o          0      0      0          0        0       0
         lib_a-sysread.o          0      0      0          0        0       0
        lib_a-syswrite.o          0      0      0          0        0       0
         coexist_arbit.o          0      0      0          0        0       0
          coexist_core.o          0      0      0          0        0       0
            coexist_hw.o          0      0      0          0        0       0
         coexist_timer.o          0      0      0          0        0       0
           sdspi_crc.c.o          0      0      0          0        0       0
   sdspi_transaction.c.o          0      0      0          0        0       0
    esp_efuse_fields.c.o          0      0      0          0        0       0
            pm_locks.c.o          0      0      0          0        0       0
             esp_eth.c.o          0      0      0          0        0       0
  esp_eth_netif_glue.c.o          0      0      0          0        0       0
  esp_netif_sta_list.c.o          0      0      0          0        0       0
          mesh_event.c.o          0      0      0          0        0       0
            _addsubdf3.o          0      0      0          0        0       0
             _bswapdi2.o          0      0      0          0        0       0
             _bswapsi2.o          0      0      0          0        0       0
               _cmpdf2.o          0      0      0          0        0       0
               _divdf3.o          0      0      0          0        0       0
               _divsf3.o          0      0      0          0        0       0
          _extendsfdf2.o          0      0      0          0        0       0
              _fixdfdi.o          0      0      0          0        0       0
              _fixdfsi.o          0      0      0          0        0       0
           _fixunsdfsi.o          0      0      0          0        0       0
            _floatdidf.o          0      0      0          0        0       0
            _floatdisf.o          0      0      0          0        0       0
            _floatsidf.o          0      0      0          0        0       0
               _muldf3.o          0      0      0          0        0       0
          _popcountsi2.o          0      0      0          0        0       0
           _truncdfsf2.o          0      0      0          0        0       0
              _ucmpdi2.o          0      0      0          0        0       0
          ethernetif.c.o          0      0      0          0        0       0
               certs.c.o          0      0      0          0        0       0
                  mesh.o          0      0      0          0        0       0
           mesh_common.o          0      0      0          0        0       0
           mesh_config.o          0      0      0          0        0       0
               mesh_io.o          0      0      0          0        0       0
             mesh_main.o          0      0      0          0        0       0
          mesh_network.o          0      0      0          0        0       0
           mesh_parent.o          0      0      0          0        0       0
            mesh_quick.o          0      0      0          0        0       0
            mesh_route.o          0      0      0          0        0       0
         mesh_schedule.o          0      0      0          0        0       0
              mesh_sta.o          0      0      0          0        0       0
            mesh_timer.o          0      0      0          0        0       0
        mesh_utilities.o          0      0      0          0        0       0
             mesh_wifi.o          0      0      0          0        0       0
                   rtc.o          0      0      0          0        0       0
          rtc_io_hal.c.o          0      0      0          0        0       0
         uart_periph.c.o          0      0      0          0        0       0
     flash_ops_esp32.c.o          0      0      0          0        0       0
 spi_flash_rom_patch.c.o          0      0      0          0        0       0
                  pure.o          0      0      0          0        0       0
             aes-cbc.c.o          0      0      0          0        0       0
crypto_internal-modexp.c          0      0      0          0        0       0
   debug_helpers_asm.S.o          0      0      0          0        0       0
Adding "size-files"'s dependency "app" to list of commands with default set of options.
Executing action: app
Running ninja in directory /home/yc/_workspace/ycyang1229/amazon-kinesis-video-streams-webrtc-sdk-c-for-freertos/build
Executing "ninja app"...
Executing action: size-files
Running ninja in directory /home/yc/_workspace/ycyang1229/amazon-kinesis-video-streams-webrtc-sdk-c-for-freertos/build
Executing "ninja size-files"...

App build complete. To flash, run this command:
/home/yc/.espressif/python_env/idf4.1_py3.6_env/bin/python ../../esp-idf/components/esptool_py/esptool/esptool.py -p (PORT) -b 460800 --before default_reset --after hard_reset --chip esp32  write_flash 0x10000 build/webrtc_example.bin
or run 'idf.py -p (PORT) app-flash'
